f:\code_resource\c++code\marker_car\marker_car_demo\marker_car_demo\x64\release\enginner.obj
f:\code_resource\c++code\marker_car\marker_car_demo\marker_car_demo\x64\release\pid_v1.obj
f:\code_resource\c++code\marker_car\marker_car_demo\marker_car_demo\x64\release\robotvehicle.obj
f:\code_resource\c++code\marker_car\marker_car_demo\marker_car_demo\x64\release\qrc_resource.obj
f:\code_resource\c++code\marker_car\marker_car_demo\marker_car_demo\x64\release\blecom.obj
f:\code_resource\c++code\marker_car\marker_car_demo\marker_car_demo\x64\release\moc_blecom.obj
f:\code_resource\c++code\marker_car\marker_car_demo\marker_car_demo\x64\release\main.obj
f:\code_resource\c++code\marker_car\marker_car_demo\marker_car_demo\x64\release\markerdetect.obj
f:\code_resource\c++code\marker_car\marker_car_demo\marker_car_demo\x64\release\hkcamera.obj
f:\code_resource\c++code\marker_car\marker_car_demo\marker_car_demo\x64\release\commanager.obj
f:\code_resource\c++code\marker_car\marker_car_demo\marker_car_demo\x64\release\moc_commanager.obj
f:\code_resource\c++code\marker_car\marker_car_demo\marker_car_demo\x64\release\motor.obj
f:\code_resource\c++code\marker_car\marker_car_demo\marker_car_demo\x64\release\moc_motor.obj
f:\code_resource\c++code\marker_car\marker_car_demo\marker_car_demo\generatedfiles\release\moc_motor.cpp
f:\code_resource\c++code\marker_car\marker_car_demo\marker_car_demo\generatedfiles\release\moc_commanager.cpp
f:\code_resource\c++code\marker_car\marker_car_demo\marker_car_demo\generatedfiles\release\moc_blecom.cpp
f:\code_resource\c++code\marker_car\marker_car_demo\marker_car_demo\generatedfiles\qrc_resource.cpp
f:\code_resource\c++code\marker_car\marker_car_demo\marker_car_demo\.\generatedfiles\release\moc_motor.cpp
f:\code_resource\c++code\marker_car\marker_car_demo\marker_car_demo\.\generatedfiles\release\moc_commanager.cpp
f:\code_resource\c++code\marker_car\marker_car_demo\marker_car_demo\.\generatedfiles\release\moc_blecom.cpp
f:\code_resource\c++code\marker_car\marker_car_demo\marker_car_demo\.\generatedfiles\qrc_resource.cpp
f:\code_resource\c++code\marker_car\marker_car_demo\marker_car_demo\x64\release\marker_car_demo.tlog\cl.16104.write.1.tlog
f:\code_resource\c++code\marker_car\marker_car_demo\marker_car_demo\x64\release\marker_car_demo.tlog\cl.command.1.tlog
f:\code_resource\c++code\marker_car\marker_car_demo\marker_car_demo\x64\release\marker_car_demo.tlog\cl.read.1.tlog
f:\code_resource\c++code\marker_car\marker_car_demo\marker_car_demo\x64\release\marker_car_demo.tlog\link.command.1.tlog
f:\code_resource\c++code\marker_car\marker_car_demo\marker_car_demo\x64\release\marker_car_demo.tlog\link.read.1.tlog
f:\code_resource\c++code\marker_car\marker_car_demo\marker_car_demo\x64\release\marker_car_demo.tlog\link.write.1.tlog
f:\code_resource\c++code\marker_car\marker_car_demo\marker_car_demo\x64\release\marker_car_demo.tlog\marker_car_demo.write.1u.tlog
f:\code_resource\c++code\marker_car\marker_car_demo\marker_car_demo\x64\release\marker_car_demo.tlog\qtmoc.read.1u.tlog
f:\code_resource\c++code\marker_car\marker_car_demo\marker_car_demo\x64\release\marker_car_demo.tlog\qtmoc.write.1u.tlog
f:\code_resource\c++code\marker_car\marker_car_demo\marker_car_demo\x64\release\marker_car_demo.tlog\qtrcc.read.1u.tlog
f:\code_resource\c++code\marker_car\marker_car_demo\marker_car_demo\x64\release\marker_car_demo.tlog\qtrcc.write.1u.tlog
